<?xml version="1.0" encoding="UTF-8"?>
<!-- Generated by org.testng.reporters.JUnitReportReporter -->
<testsuite hostname="DESKTOP-CHTFR1B" name="test.TestNG_Demo2" tests="1" failures="0" timestamp="30 Mar 2019 08:07:45 GMT" time="3.876" errors="0">
  <testcase name="googleSearch01" time="3.876" classname="test.TestNG_Demo2"/>
</testsuite> <!-- test.TestNG_Demo2 -->
