<?xml version="1.0" encoding="UTF-8"?>
<!-- Generated by org.testng.reporters.JUnitReportReporter -->
<testsuite hostname="DESKTOP-CHTFR1B" name="demo.TestNGGroupsDemo" tests="4" failures="0" timestamp="1 Apr 2019 00:51:52 GMT" time="0.040" errors="0">
  <testcase name="test1" time="0.031" classname="demo.TestNGGroupsDemo"/>
  <testcase name="test3" time="0.003" classname="demo.TestNGGroupsDemo"/>
  <testcase name="test2" time="0.003" classname="demo.TestNGGroupsDemo"/>
  <testcase name="test4" time="0.003" classname="demo.TestNGGroupsDemo"/>
</testsuite> <!-- demo.TestNGGroupsDemo -->
