<?xml version="1.0" encoding="UTF-8"?>
<!-- Generated by org.testng.reporters.JUnitReportReporter -->
<testsuite hostname="DESKTOP-CHTFR1B" name="test.TestNG_Demo" tests="2" failures="0" timestamp="30 Mar 2019 08:08:57 GMT" time="5.185" errors="0">
  <testcase name="googleSearch21" time="1.787" classname="test.TestNG_Demo"/>
  <testcase name="googleSearch12" time="3.398" classname="test.TestNG_Demo"/>
</testsuite> <!-- test.TestNG_Demo -->
