<?xml version="1.0" encoding="UTF-8"?>
<!-- Generated by org.testng.reporters.JUnitReportReporter -->
<testsuite skipped="0" hostname="DESKTOP-CHTFR1B" name="demo.TestNGParametersDemo" tests="1" failures="0" timestamp="01 เม.ย. 2562 02:49:26 GMT" time="0.023" errors="0">
  <testcase name="test" time="0.023" classname="demo.TestNGParametersDemo"/>
</testsuite> <!-- demo.TestNGParametersDemo -->
