<?xml version="1.0" encoding="UTF-8"?>
<!-- Generated by org.testng.reporters.JUnitReportReporter -->
<testsuite hostname="DESKTOP-CHTFR1B" name="demo.Test1" tests="1" failures="0" timestamp="1 Apr 2019 06:19:11 GMT" time="14.317" errors="0">
  <testcase name="test1" time="14.317" classname="demo.Test1"/>
</testsuite> <!-- demo.Test1 -->
