<?xml version="1.0" encoding="UTF-8"?>
<!-- Generated by org.testng.reporters.JUnitReportReporter -->
<testsuite hostname="DESKTOP-CHTFR1B" name="demo.TestNGMultiBrowserDemo" tests="3" failures="0" timestamp="31 Mar 2019 14:50:48 GMT" time="20.824" errors="0">
  <testcase name="test1" time="7.048" classname="demo.TestNGMultiBrowserDemo"/>
  <testcase name="test1" time="7.024" classname="demo.TestNGMultiBrowserDemo"/>
  <testcase name="test1" time="6.752" classname="demo.TestNGMultiBrowserDemo"/>
</testsuite> <!-- demo.TestNGMultiBrowserDemo -->
